[2019-11-26 14:05:22] local.INFO: array (
  'id' => 'eeafa272cebfd4b22385bc4b645e762c',
  'token' => 'eeafa272cebfd4b22385bc4b645e762c',
  'line_items' =>
  array (
    0 =>
    array (
      'id' => 704912205188288575,
      'properties' =>
      array (
      ),
      'quantity' => 3,
      'variant_id' => 704912205188288575,
      'key' => '704912205188288575:33f11f7a1ec7d93b826de33bb54de37b',
      'discounted_price' => '19.99',
      'discounts' =>
      array (
      ),
      'gift_card' => false,
      'grams' => 200,
      'line_price' => '59.97',
      'original_line_price' => '59.97',
      'original_price' => '19.99',
      'price' => '19.99',
      'product_id' => 788032119674292922,
      'sku' => 'example-shirt-s',
      'taxable' => true,
      'title' => 'Example T-Shirt -',
      'total_discount' => '0.00',
      'vendor' => 'Acme',
      'discounted_price_set' =>
      array (
        'shop_money' =>
        array (
          'amount' => '19.99',
          'currency_code' => 'INR',
        ),
        'presentment_money' =>
        array (
          'amount' => '19.99',
          'currency_code' => 'INR',
        ),
      ),
      'line_price_set' =>
      array (
        'shop_money' =>
        array (
          'amount' => '59.97',
          'currency_code' => 'INR',
        ),
        'presentment_money' =>
        array (
          'amount' => '59.97',
          'currency_code' => 'INR',
        ),
      ),
      'original_line_price_set' =>
      array (
        'shop_money' =>
        array (
          'amount' => '59.97',
          'currency_code' => 'INR',
        ),
        'presentment_money' =>
        array (
          'amount' => '59.97',
          'currency_code' => 'INR',
        ),
      ),
      'price_set' =>
      array (
        'shop_money' =>
        array (
          'amount' => '19.99',
          'currency_code' => 'INR',
        ),
        'presentment_money' =>
        array (
          'amount' => '19.99',
          'currency_code' => 'INR',
        ),
      ),
      'total_discount_set' =>
      array (
        'shop_money' =>
        array (
          'amount' => '0.0',
          'currency_code' => 'INR',
        ),
        'presentment_money' =>
        array (
          'amount' => '0.0',
          'currency_code' => 'INR',
        ),
      ),
    ),
  ),
  'note' => NULL,
  'updated_at' => '2019-11-26T14:05:21.655Z',
  'created_at' => '2019-11-26T14:05:21.655Z',
)
[2019-11-26 14:05:58] local.INFO: array (
  'id' => 'eeafa272cebfd4b22385bc4b645e762c',
  'token' => 'eeafa272cebfd4b22385bc4b645e762c',
  'line_items' =>
  array (
    0 =>
    array (
      'id' => 704912205188288575,
      'properties' =>
      array (
      ),
      'quantity' => 3,
      'variant_id' => 704912205188288575,
      'key' => '704912205188288575:33f11f7a1ec7d93b826de33bb54de37b',
      'discounted_price' => '19.99',
      'discounts' =>
      array (
      ),
      'gift_card' => false,
      'grams' => 200,
      'line_price' => '59.97',
      'original_line_price' => '59.97',
      'original_price' => '19.99',
      'price' => '19.99',
      'product_id' => 788032119674292922,
      'sku' => 'example-shirt-s',
      'taxable' => true,
      'title' => 'Example T-Shirt -',
      'total_discount' => '0.00',
      'vendor' => 'Acme',
      'discounted_price_set' =>
      array (
        'shop_money' =>
        array (
          'amount' => '19.99',
          'currency_code' => 'INR',
        ),
        'presentment_money' =>
        array (
          'amount' => '19.99',
          'currency_code' => 'INR',
        ),
      ),
      'line_price_set' =>
      array (
        'shop_money' =>
        array (
          'amount' => '59.97',
          'currency_code' => 'INR',
        ),
        'presentment_money' =>
        array (
          'amount' => '59.97',
          'currency_code' => 'INR',
        ),
      ),
      'original_line_price_set' =>
      array (
        'shop_money' =>
        array (
          'amount' => '59.97',
          'currency_code' => 'INR',
        ),
        'presentment_money' =>
        array (
          'amount' => '59.97',
          'currency_code' => 'INR',
        ),
      ),
      'price_set' =>
      array (
        'shop_money' =>
        array (
          'amount' => '19.99',
          'currency_code' => 'INR',
        ),
        'presentment_money' =>
        array (
          'amount' => '19.99',
          'currency_code' => 'INR',
        ),
      ),
      'total_discount_set' =>
      array (
        'shop_money' =>
        array (
          'amount' => '0.0',
          'currency_code' => 'INR',
        ),
        'presentment_money' =>
        array (
          'amount' => '0.0',
          'currency_code' => 'INR',
        ),
      ),
    ),
  ),
  'note' => NULL,
  'updated_at' => '2019-11-26T14:05:57.954Z',
  'created_at' => '2019-11-26T14:05:57.954Z',
)
[2019-11-26 14:06:50] local.INFO: array (
  'id' => 'eeafa272cebfd4b22385bc4b645e762c',
  'token' => 'eeafa272cebfd4b22385bc4b645e762c',
  'line_items' =>
  array (
    0 =>
    array (
      'id' => 704912205188288575,
      'properties' =>
      array (
      ),
      'quantity' => 3,
      'variant_id' => 704912205188288575,
      'key' => '704912205188288575:33f11f7a1ec7d93b826de33bb54de37b',
      'discounted_price' => '19.99',
      'discounts' =>
      array (
      ),
      'gift_card' => false,
      'grams' => 200,
      'line_price' => '59.97',
      'original_line_price' => '59.97',
      'original_price' => '19.99',
      'price' => '19.99',
      'product_id' => 788032119674292922,
      'sku' => 'example-shirt-s',
      'taxable' => true,
      'title' => 'Example T-Shirt -',
      'total_discount' => '0.00',
      'vendor' => 'Acme',
      'discounted_price_set' =>
      array (
        'shop_money' =>
        array (
          'amount' => '19.99',
          'currency_code' => 'INR',
        ),
        'presentment_money' =>
        array (
          'amount' => '19.99',
          'currency_code' => 'INR',
        ),
      ),
      'line_price_set' =>
      array (
        'shop_money' =>
        array (
          'amount' => '59.97',
          'currency_code' => 'INR',
        ),
        'presentment_money' =>
        array (
          'amount' => '59.97',
          'currency_code' => 'INR',
        ),
      ),
      'original_line_price_set' =>
      array (
        'shop_money' =>
        array (
          'amount' => '59.97',
          'currency_code' => 'INR',
        ),
        'presentment_money' =>
        array (
          'amount' => '59.97',
          'currency_code' => 'INR',
        ),
      ),
      'price_set' =>
      array (
        'shop_money' =>
        array (
          'amount' => '19.99',
          'currency_code' => 'INR',
        ),
        'presentment_money' =>
        array (
          'amount' => '19.99',
          'currency_code' => 'INR',
        ),
      ),
      'total_discount_set' =>
      array (
        'shop_money' =>
        array (
          'amount' => '0.0',
          'currency_code' => 'INR',
        ),
        'presentment_money' =>
        array (
          'amount' => '0.0',
          'currency_code' => 'INR',
        ),
      ),
    ),
  ),
  'note' => NULL,
  'updated_at' => '2019-11-26T14:06:49.843Z',
  'created_at' => '2019-11-26T14:06:49.843Z',
)
[2019-11-26 14:07:26] local.INFO: array (
  'id' => 'eeafa272cebfd4b22385bc4b645e762c',
  'token' => 'eeafa272cebfd4b22385bc4b645e762c',
  'line_items' =>
  array (
    0 =>
    array (
      'id' => 704912205188288575,
      'properties' =>
      array (
      ),
      'quantity' => 3,
      'variant_id' => 704912205188288575,
      'key' => '704912205188288575:33f11f7a1ec7d93b826de33bb54de37b',
      'discounted_price' => '19.99',
      'discounts' =>
      array (
      ),
      'gift_card' => false,
      'grams' => 200,
      'line_price' => '59.97',
      'original_line_price' => '59.97',
      'original_price' => '19.99',
      'price' => '19.99',
      'product_id' => 788032119674292922,
      'sku' => 'example-shirt-s',
      'taxable' => true,
      'title' => 'Example T-Shirt -',
      'total_discount' => '0.00',
      'vendor' => 'Acme',
      'discounted_price_set' =>
      array (
        'shop_money' =>
        array (
          'amount' => '19.99',
          'currency_code' => 'INR',
        ),
        'presentment_money' =>
        array (
          'amount' => '19.99',
          'currency_code' => 'INR',
        ),
      ),
      'line_price_set' =>
      array (
        'shop_money' =>
        array (
          'amount' => '59.97',
          'currency_code' => 'INR',
        ),
        'presentment_money' =>
        array (
          'amount' => '59.97',
          'currency_code' => 'INR',
        ),
      ),
      'original_line_price_set' =>
      array (
        'shop_money' =>
        array (
          'amount' => '59.97',
          'currency_code' => 'INR',
        ),
        'presentment_money' =>
        array (
          'amount' => '59.97',
          'currency_code' => 'INR',
        ),
      ),
      'price_set' =>
      array (
        'shop_money' =>
        array (
          'amount' => '19.99',
          'currency_code' => 'INR',
        ),
        'presentment_money' =>
        array (
          'amount' => '19.99',
          'currency_code' => 'INR',
        ),
      ),
      'total_discount_set' =>
      array (
        'shop_money' =>
        array (
          'amount' => '0.0',
          'currency_code' => 'INR',
        ),
        'presentment_money' =>
        array (
          'amount' => '0.0',
          'currency_code' => 'INR',
        ),
      ),
    ),
  ),
  'note' => NULL,
  'updated_at' => '2019-11-26T14:07:26.236Z',
  'created_at' => '2019-11-26T14:07:26.236Z',
)
[2019-11-26 14:08:13] local.INFO: array (
  'id' => 'eeafa272cebfd4b22385bc4b645e762c',
  'token' => 'eeafa272cebfd4b22385bc4b645e762c',
  'line_items' =>
  array (
    0 =>
    array (
      'id' => 704912205188288575,
      'properties' =>
      array (
      ),
      'quantity' => 3,
      'variant_id' => 704912205188288575,
      'key' => '704912205188288575:33f11f7a1ec7d93b826de33bb54de37b',
      'discounted_price' => '19.99',
      'discounts' =>
      array (
      ),
      'gift_card' => false,
      'grams' => 200,
      'line_price' => '59.97',
      'original_line_price' => '59.97',
      'original_price' => '19.99',
      'price' => '19.99',
      'product_id' => 788032119674292922,
      'sku' => 'example-shirt-s',
      'taxable' => true,
      'title' => 'Example T-Shirt -',
      'total_discount' => '0.00',
      'vendor' => 'Acme',
      'discounted_price_set' =>
      array (
        'shop_money' =>
        array (
          'amount' => '19.99',
          'currency_code' => 'INR',
        ),
        'presentment_money' =>
        array (
          'amount' => '19.99',
          'currency_code' => 'INR',
        ),
      ),
      'line_price_set' =>
      array (
        'shop_money' =>
        array (
          'amount' => '59.97',
          'currency_code' => 'INR',
        ),
        'presentment_money' =>
        array (
          'amount' => '59.97',
          'currency_code' => 'INR',
        ),
      ),
      'original_line_price_set' =>
      array (
        'shop_money' =>
        array (
          'amount' => '59.97',
          'currency_code' => 'INR',
        ),
        'presentment_money' =>
        array (
          'amount' => '59.97',
          'currency_code' => 'INR',
        ),
      ),
      'price_set' =>
      array (
        'shop_money' =>
        array (
          'amount' => '19.99',
          'currency_code' => 'INR',
        ),
        'presentment_money' =>
        array (
          'amount' => '19.99',
          'currency_code' => 'INR',
        ),
      ),
      'total_discount_set' =>
      array (
        'shop_money' =>
        array (
          'amount' => '0.0',
          'currency_code' => 'INR',
        ),
        'presentment_money' =>
        array (
          'amount' => '0.0',
          'currency_code' => 'INR',
        ),
      ),
    ),
  ),
  'note' => NULL,
  'updated_at' => '2019-11-26T14:08:12.727Z',
  'created_at' => '2019-11-26T14:08:12.727Z',
)
[2019-11-26 14:08:54] local.INFO: array (
  'id' => 'eeafa272cebfd4b22385bc4b645e762c',
  'token' => 'eeafa272cebfd4b22385bc4b645e762c',
  'line_items' =>
  array (
    0 =>
    array (
      'id' => 704912205188288575,
      'properties' =>
      array (
      ),
      'quantity' => 3,
      'variant_id' => 704912205188288575,
      'key' => '704912205188288575:33f11f7a1ec7d93b826de33bb54de37b',
      'discounted_price' => '19.99',
      'discounts' =>
      array (
      ),
      'gift_card' => false,
      'grams' => 200,
      'line_price' => '59.97',
      'original_line_price' => '59.97',
      'original_price' => '19.99',
      'price' => '19.99',
      'product_id' => 788032119674292922,
      'sku' => 'example-shirt-s',
      'taxable' => true,
      'title' => 'Example T-Shirt -',
      'total_discount' => '0.00',
      'vendor' => 'Acme',
      'discounted_price_set' =>
      array (
        'shop_money' =>
        array (
          'amount' => '19.99',
          'currency_code' => 'INR',
        ),
        'presentment_money' =>
        array (
          'amount' => '19.99',
          'currency_code' => 'INR',
        ),
      ),
      'line_price_set' =>
      array (
        'shop_money' =>
        array (
          'amount' => '59.97',
          'currency_code' => 'INR',
        ),
        'presentment_money' =>
        array (
          'amount' => '59.97',
          'currency_code' => 'INR',
        ),
      ),
      'original_line_price_set' =>
      array (
        'shop_money' =>
        array (
          'amount' => '59.97',
          'currency_code' => 'INR',
        ),
        'presentment_money' =>
        array (
          'amount' => '59.97',
          'currency_code' => 'INR',
        ),
      ),
      'price_set' =>
      array (
        'shop_money' =>
        array (
          'amount' => '19.99',
          'currency_code' => 'INR',
        ),
        'presentment_money' =>
        array (
          'amount' => '19.99',
          'currency_code' => 'INR',
        ),
      ),
      'total_discount_set' =>
      array (
        'shop_money' =>
        array (
          'amount' => '0.0',
          'currency_code' => 'INR',
        ),
        'presentment_money' =>
        array (
          'amount' => '0.0',
          'currency_code' => 'INR',
        ),
      ),
    ),
  ),
  'note' => NULL,
  'updated_at' => '2019-11-26T14:08:54.258Z',
  'created_at' => '2019-11-26T14:08:54.258Z',
)
[2019-11-26 14:09:20] local.INFO: array (
  'id' => 'eeafa272cebfd4b22385bc4b645e762c',
  'token' => 'eeafa272cebfd4b22385bc4b645e762c',
  'line_items' =>
  array (
    0 =>
    array (
      'id' => 704912205188288575,
      'properties' =>
      array (
      ),
      'quantity' => 3,
      'variant_id' => 704912205188288575,
      'key' => '704912205188288575:33f11f7a1ec7d93b826de33bb54de37b',
      'discounted_price' => '19.99',
      'discounts' =>
      array (
      ),
      'gift_card' => false,
      'grams' => 200,
      'line_price' => '59.97',
      'original_line_price' => '59.97',
      'original_price' => '19.99',
      'price' => '19.99',
      'product_id' => 788032119674292922,
      'sku' => 'example-shirt-s',
      'taxable' => true,
      'title' => 'Example T-Shirt -',
      'total_discount' => '0.00',
      'vendor' => 'Acme',
      'discounted_price_set' =>
      array (
        'shop_money' =>
        array (
          'amount' => '19.99',
          'currency_code' => 'INR',
        ),
        'presentment_money' =>
        array (
          'amount' => '19.99',
          'currency_code' => 'INR',
        ),
      ),
      'line_price_set' =>
      array (
        'shop_money' =>
        array (
          'amount' => '59.97',
          'currency_code' => 'INR',
        ),
        'presentment_money' =>
        array (
          'amount' => '59.97',
          'currency_code' => 'INR',
        ),
      ),
      'original_line_price_set' =>
      array (
        'shop_money' =>
        array (
          'amount' => '59.97',
          'currency_code' => 'INR',
        ),
        'presentment_money' =>
        array (
          'amount' => '59.97',
          'currency_code' => 'INR',
        ),
      ),
      'price_set' =>
      array (
        'shop_money' =>
        array (
          'amount' => '19.99',
          'currency_code' => 'INR',
        ),
        'presentment_money' =>
        array (
          'amount' => '19.99',
          'currency_code' => 'INR',
        ),
      ),
      'total_discount_set' =>
      array (
        'shop_money' =>
        array (
          'amount' => '0.0',
          'currency_code' => 'INR',
        ),
        'presentment_money' =>
        array (
          'amount' => '0.0',
          'currency_code' => 'INR',
        ),
      ),
    ),
  ),
  'note' => NULL,
  'updated_at' => '2019-11-26T14:09:20.090Z',
  'created_at' => '2019-11-26T14:09:20.090Z',
)
[2019-11-26 14:09:46] local.INFO: array (
  'id' => 'eeafa272cebfd4b22385bc4b645e762c',
  'token' => 'eeafa272cebfd4b22385bc4b645e762c',
  'line_items' =>
  array (
    0 =>
    array (
      'id' => 704912205188288575,
      'properties' =>
      array (
      ),
      'quantity' => 3,
      'variant_id' => 704912205188288575,
      'key' => '704912205188288575:33f11f7a1ec7d93b826de33bb54de37b',
      'discounted_price' => '19.99',
      'discounts' =>
      array (
      ),
      'gift_card' => false,
      'grams' => 200,
      'line_price' => '59.97',
      'original_line_price' => '59.97',
      'original_price' => '19.99',
      'price' => '19.99',
      'product_id' => 788032119674292922,
      'sku' => 'example-shirt-s',
      'taxable' => true,
      'title' => 'Example T-Shirt -',
      'total_discount' => '0.00',
      'vendor' => 'Acme',
      'discounted_price_set' =>
      array (
        'shop_money' =>
        array (
          'amount' => '19.99',
          'currency_code' => 'INR',
        ),
        'presentment_money' =>
        array (
          'amount' => '19.99',
          'currency_code' => 'INR',
        ),
      ),
      'line_price_set' =>
      array (
        'shop_money' =>
        array (
          'amount' => '59.97',
          'currency_code' => 'INR',
        ),
        'presentment_money' =>
        array (
          'amount' => '59.97',
          'currency_code' => 'INR',
        ),
      ),
      'original_line_price_set' =>
      array (
        'shop_money' =>
        array (
          'amount' => '59.97',
          'currency_code' => 'INR',
        ),
        'presentment_money' =>
        array (
          'amount' => '59.97',
          'currency_code' => 'INR',
        ),
      ),
      'price_set' =>
      array (
        'shop_money' =>
        array (
          'amount' => '19.99',
          'currency_code' => 'INR',
        ),
        'presentment_money' =>
        array (
          'amount' => '19.99',
          'currency_code' => 'INR',
        ),
      ),
      'total_discount_set' =>
      array (
        'shop_money' =>
        array (
          'amount' => '0.0',
          'currency_code' => 'INR',
        ),
        'presentment_money' =>
        array (
          'amount' => '0.0',
          'currency_code' => 'INR',
        ),
      ),
    ),
  ),
  'note' => NULL,
  'updated_at' => '2019-11-26T14:09:46.108Z',
  'created_at' => '2019-11-26T14:09:46.108Z',
)
[2019-11-26 14:10:27] local.INFO: array (
  'id' => 'eeafa272cebfd4b22385bc4b645e762c',
  'token' => 'eeafa272cebfd4b22385bc4b645e762c',
  'line_items' =>
  array (
    0 =>
    array (
      'id' => 704912205188288575,
      'properties' =>
      array (
      ),
      'quantity' => 3,
      'variant_id' => 704912205188288575,
      'key' => '704912205188288575:33f11f7a1ec7d93b826de33bb54de37b',
      'discounted_price' => '19.99',
      'discounts' =>
      array (
      ),
      'gift_card' => false,
      'grams' => 200,
      'line_price' => '59.97',
      'original_line_price' => '59.97',
      'original_price' => '19.99',
      'price' => '19.99',
      'product_id' => 788032119674292922,
      'sku' => 'example-shirt-s',
      'taxable' => true,
      'title' => 'Example T-Shirt -',
      'total_discount' => '0.00',
      'vendor' => 'Acme',
      'discounted_price_set' =>
      array (
        'shop_money' =>
        array (
          'amount' => '19.99',
          'currency_code' => 'INR',
        ),
        'presentment_money' =>
        array (
          'amount' => '19.99',
          'currency_code' => 'INR',
        ),
      ),
      'line_price_set' =>
      array (
        'shop_money' =>
        array (
          'amount' => '59.97',
          'currency_code' => 'INR',
        ),
        'presentment_money' =>
        array (
          'amount' => '59.97',
          'currency_code' => 'INR',
        ),
      ),
      'original_line_price_set' =>
      array (
        'shop_money' =>
        array (
          'amount' => '59.97',
          'currency_code' => 'INR',
        ),
        'presentment_money' =>
        array (
          'amount' => '59.97',
          'currency_code' => 'INR',
        ),
      ),
      'price_set' =>
      array (
        'shop_money' =>
        array (
          'amount' => '19.99',
          'currency_code' => 'INR',
        ),
        'presentment_money' =>
        array (
          'amount' => '19.99',
          'currency_code' => 'INR',
        ),
      ),
      'total_discount_set' =>
      array (
        'shop_money' =>
        array (
          'amount' => '0.0',
          'currency_code' => 'INR',
        ),
        'presentment_money' =>
        array (
          'amount' => '0.0',
          'currency_code' => 'INR',
        ),
      ),
    ),
  ),
  'note' => NULL,
  'updated_at' => '2019-11-26T14:10:27.502Z',
  'created_at' => '2019-11-26T14:10:27.502Z',
)
[2019-11-26 14:11:14] local.INFO: array (
  'id' => 'eeafa272cebfd4b22385bc4b645e762c',
  'token' => 'eeafa272cebfd4b22385bc4b645e762c',
  'line_items' =>
  array (
    0 =>
    array (
      'id' => 704912205188288575,
      'properties' =>
      array (
      ),
      'quantity' => 3,
      'variant_id' => 704912205188288575,
      'key' => '704912205188288575:33f11f7a1ec7d93b826de33bb54de37b',
      'discounted_price' => '19.99',
      'discounts' =>
      array (
      ),
      'gift_card' => false,
      'grams' => 200,
      'line_price' => '59.97',
      'original_line_price' => '59.97',
      'original_price' => '19.99',
      'price' => '19.99',
      'product_id' => 788032119674292922,
      'sku' => 'example-shirt-s',
      'taxable' => true,
      'title' => 'Example T-Shirt -',
      'total_discount' => '0.00',
      'vendor' => 'Acme',
      'discounted_price_set' =>
      array (
        'shop_money' =>
        array (
          'amount' => '19.99',
          'currency_code' => 'INR',
        ),
        'presentment_money' =>
        array (
          'amount' => '19.99',
          'currency_code' => 'INR',
        ),
      ),
      'line_price_set' =>
      array (
        'shop_money' =>
        array (
          'amount' => '59.97',
          'currency_code' => 'INR',
        ),
        'presentment_money' =>
        array (
          'amount' => '59.97',
          'currency_code' => 'INR',
        ),
      ),
      'original_line_price_set' =>
      array (
        'shop_money' =>
        array (
          'amount' => '59.97',
          'currency_code' => 'INR',
        ),
        'presentment_money' =>
        array (
          'amount' => '59.97',
          'currency_code' => 'INR',
        ),
      ),
      'price_set' =>
      array (
        'shop_money' =>
        array (
          'amount' => '19.99',
          'currency_code' => 'INR',
        ),
        'presentment_money' =>
        array (
          'amount' => '19.99',
          'currency_code' => 'INR',
        ),
      ),
      'total_discount_set' =>
      array (
        'shop_money' =>
        array (
          'amount' => '0.0',
          'currency_code' => 'INR',
        ),
        'presentment_money' =>
        array (
          'amount' => '0.0',
          'currency_code' => 'INR',
        ),
      ),
    ),
  ),
  'note' => NULL,
  'updated_at' => '2019-11-26T14:11:14.043Z',
  'created_at' => '2019-11-26T14:11:14.043Z',
)
[2019-11-26 14:12:37] local.INFO: array (
  'id' => 'eeafa272cebfd4b22385bc4b645e762c',
  'token' => 'eeafa272cebfd4b22385bc4b645e762c',
  'line_items' =>
  array (
    0 =>
    array (
      'id' => 704912205188288575,
      'properties' =>
      array (
      ),
      'quantity' => 3,
      'variant_id' => 704912205188288575,
      'key' => '704912205188288575:33f11f7a1ec7d93b826de33bb54de37b',
      'discounted_price' => '19.99',
      'discounts' =>
      array (
      ),
      'gift_card' => false,
      'grams' => 200,
      'line_price' => '59.97',
      'original_line_price' => '59.97',
      'original_price' => '19.99',
      'price' => '19.99',
      'product_id' => 788032119674292922,
      'sku' => 'example-shirt-s',
      'taxable' => true,
      'title' => 'Example T-Shirt -',
      'total_discount' => '0.00',
      'vendor' => 'Acme',
      'discounted_price_set' =>
      array (
        'shop_money' =>
        array (
          'amount' => '19.99',
          'currency_code' => 'INR',
        ),
        'presentment_money' =>
        array (
          'amount' => '19.99',
          'currency_code' => 'INR',
        ),
      ),
      'line_price_set' =>
      array (
        'shop_money' =>
        array (
          'amount' => '59.97',
          'currency_code' => 'INR',
        ),
        'presentment_money' =>
        array (
          'amount' => '59.97',
          'currency_code' => 'INR',
        ),
      ),
      'original_line_price_set' =>
      array (
        'shop_money' =>
        array (
          'amount' => '59.97',
          'currency_code' => 'INR',
        ),
        'presentment_money' =>
        array (
          'amount' => '59.97',
          'currency_code' => 'INR',
        ),
      ),
      'price_set' =>
      array (
        'shop_money' =>
        array (
          'amount' => '19.99',
          'currency_code' => 'INR',
        ),
        'presentment_money' =>
        array (
          'amount' => '19.99',
          'currency_code' => 'INR',
        ),
      ),
      'total_discount_set' =>
      array (
        'shop_money' =>
        array (
          'amount' => '0.0',
          'currency_code' => 'INR',
        ),
        'presentment_money' =>
        array (
          'amount' => '0.0',
          'currency_code' => 'INR',
        ),
      ),
    ),
  ),
  'note' => NULL,
  'updated_at' => '2019-11-26T14:12:37.144Z',
  'created_at' => '2019-11-26T14:12:37.144Z',
)
